Августа
Августина
Авдотья
Авелина
Аврелия
Аврея
Аврора
Агафья
Агапа
Агапия
Агата
Агафья
Аглая
Агнесса
Агния
Аграфена
Агриппина
Ада
Аделаида
Аделина
Адель
Адина
Адолия
Адриана
Аза
Азалия
Азелла
Аида
Аксинья
Акулина
Алевтина
Александра
Александрина
Алексина
Алёна
Алеся
Алина
Алиса
Алла
Алоиза
Алфея
Альберта
Альбертина
Альбина
Альвина
Альфия
Амалия
Амата
Анастасия
Анатолия
Ангела
Ангелика
Ангелина
Анджела
Андрея
Андрона
Андроника
Анета
Анетта
Анжела
Анжелика
Анимаиса
Анисия
Анисья
Анна
Аннета
Аннетта
Антонида
Антонина
Антония
Анфима
Анфиса
Анфия
Аполлинария
Аполлония
Апраксия
Апрелия
Апфия
Аргентея
Ариадна
Арина
Ария
Аркадия
Арсения
Артемида
Артемия
Аста
Астра
Астрид
Ася
Афанасия
Афродита
Аэлита
Аэлла
Ая
Беата
Беатриса
Белла
Бенедикта
Берта
Бландина
Богдана
Божена
Болеслава
Борислава
Бояна
Бронислава
Валентина
Валерия
Ванда
Ванесса
Варвара
Васёна
Василида
Василина
Василиса
Василия
Васса
Вацлава
Велимира
Велислава
Венедикта
Венера
Венцеслава
Вера
Вероника
Верония
Веселина
Весмира
Вика
Викторина
Виктория
Вилена
Виленина
Вилора
Вильгельмина
Виола
Виолетта
Вита
Виталика
Виталина
Виталия
Влада
Владилена
Владимира
Владислава
Владлена
Власта
Воля
Всеслава
Гала
Галата
Галатея
Галея
Галиана
Галиба
Галиля
Галима
Галина
Галя
Геласия
Гения
Геннадия
Генриетта
Георгина
Гера
Германа
Гертруда
Глафира
Горислава
Градислава
Грета
Гретта
Дарья
Дебора
Деина
Декабрина
Денисия
Диана
Дигна
Дина
Динэра
Диодора
Дионина
Дия
Доброгнева
Добромила
Добромира
Доброслава
Доминика
Домна
Домника
Домникия
Домнина
Донара
Доната
Дора
Дорофея
Доса
Дося
Досифея
Дросида
Дуклида
Дуня
Дуся
Ева
Евгения
Евдокия
Екатерина
Елена
Елизавета
Ефросинья
Жанна
Жозефина
Залина
Зара
Зарема
Зарина
Заря
Земфира
Зиглинда
Зигрида
Зина
Зинаида
Зиновия
Злата
Зоя
Ива
Иванна
Ида
Идея
Иветта
Ивонна
Изабелла
Изида
Изольда
Илона
Ильина
Инга
Инесса
Инна
Иоанна
Ира
Ираида
Ирена
Ирина
Ирма
Исидора
Ия
Каздоя
Казимира
Калерия
Калида
Калиса
Каллиникия
Каллиста
Кама
Камилла
Кандида
Капитолина
Карина
Каролина
Касиния
Келестина
Керкира
Кетевань
Киликия
Кима
Кира
Кириакия
Кириана
Кирилла
Клавдия
Клара
Клариса
Клементина
Клеопатра
Конкордия
Констанция
Корнелия
Кристина
Ксанфиппа
Ксения
Купава
Лада
Лариса
Лаура
Ленина
Леокадия
Леокардия
Леонида
Леонина
Леония
Лиана
Ливия
Лидия
Лилиана
Лилия
Лина
Лира
Лия
Лолита
Лолия
Луиза
Лукерья
Луна
Любава
Любовь
Любомила
Любомира
Людмила
Люцина
Люция
Мавра
Магдалина
Майя
Макрина
Максима
Малания
Мальвина
Маргарита
Мариам
Мариамна
Марианна
Мариетта
Марина
Мариэтта
Мария
Марка
Марксина
Марлена
Марта
Марфа
Марья
Матрёна
Матрона
Мая
Мелания
Милена
Милица
Милия
Милослава
Милютина
Мина
Минна
Минодора
Мира
Миропия
Мирослава
Мирра
Митродора
Михайлина
Михалина
Млада
Модеста
Моика
Моника
Мстислава
Муза
Нада
Надежда
Наина
Нана
Наталия
Наталья
Нелли
Ника
Нина
Нинель
Нонна
Ноябрина
Оксана
Октябрина
Олеся
Оливия
Олимпиада
Олимпиодора
Ольга
Ольда
Офелия
Павлина
Пелагея
Полина
Прасковья
Раиса
Регина
Рената
Римма
Рита
Роза
Розалия
Сабина
Светлана
Серафима
Сильвия
Софья
София
Станислава
Степанида
Сусанна
Таисия
Тамара
Татьяна
Тереза
Улита
Ульяна
Устинья
Фаина
Федора
Федосья
Фёкла
Хаврония
Христина
Цвета
Цветана
Чеслава
Шарлотта
Шушаника
Эвелина
Элеонора
Элла
Эльвира
Эмилия
Эмма
Юдифь
Юлиана
Юлия
Юния
Юнона
Юрия
Юстина
Ядвига
Яна
Янина
Ярослава